{"/home/sumit-ub/Desktop/Library_indus.git/index.js": {"path":"/home/sumit-ub/Desktop/Library_indus.git/index.js","statementMap":{"0":{"start":{"line":2,"column":16},"end":{"line":2,"column":34}},"1":{"start":{"line":4,"column":12},"end":{"line":4,"column":21}},"2":{"start":{"line":5,"column":19},"end":{"line":5,"column":41}},"3":{"start":{"line":7,"column":19},"end":{"line":7,"column":36}},"4":{"start":{"line":8,"column":19},"end":{"line":8,"column":43}},"5":{"start":{"line":9,"column":19},"end":{"line":9,"column":43}},"6":{"start":{"line":10,"column":23},"end":{"line":10,"column":61}},"7":{"start":{"line":12,"column":0},"end":{"line":12,"column":51}},"8":{"start":{"line":13,"column":0},"end":{"line":13,"column":20}},"9":{"start":{"line":15,"column":0},"end":{"line":15,"column":30}},"10":{"start":{"line":16,"column":0},"end":{"line":16,"column":30}},"11":{"start":{"line":17,"column":0},"end":{"line":17,"column":24}},"12":{"start":{"line":18,"column":0},"end":{"line":18,"column":21}}},"fnMap":{},"branchMap":{},"s":{"0":2,"1":2,"2":2,"3":2,"4":2,"5":2,"6":2,"7":2,"8":2,"9":2,"10":2,"11":2,"12":2},"f":{},"b":{},"_coverageSchema":"1a1c01bbd47fc00a2c39e90264f33305004495a9","hash":"30f677fa3ac3306bc07e9fb49fb2a8a1a1db27a7"}
,"/home/sumit-ub/Desktop/Library_indus.git/controllers/books.js": {"path":"/home/sumit-ub/Desktop/Library_indus.git/controllers/books.js","statementMap":{"0":{"start":{"line":2,"column":13},"end":{"line":2,"column":44}},"1":{"start":{"line":11,"column":2},"end":{"line":11,"column":31}},"2":{"start":{"line":21,"column":2},"end":{"line":21,"column":35}},"3":{"start":{"line":31,"column":2},"end":{"line":31,"column":32}},"4":{"start":{"line":41,"column":2},"end":{"line":41,"column":36}},"5":{"start":{"line":51,"column":2},"end":{"line":51,"column":37}},"6":{"start":{"line":94,"column":2},"end":{"line":94,"column":30}},"7":{"start":{"line":105,"column":2},"end":{"line":105,"column":31}},"8":{"start":{"line":108,"column":0},"end":{"line":110,"column":2}}},"fnMap":{"0":{"name":"addBook","decl":{"start":{"line":10,"column":9},"end":{"line":10,"column":16}},"loc":{"start":{"line":10,"column":33},"end":{"line":12,"column":1}},"line":10},"1":{"name":"byGenre","decl":{"start":{"line":20,"column":9},"end":{"line":20,"column":16}},"loc":{"start":{"line":20,"column":33},"end":{"line":22,"column":1}},"line":20},"2":{"name":"countAll","decl":{"start":{"line":30,"column":9},"end":{"line":30,"column":17}},"loc":{"start":{"line":30,"column":34},"end":{"line":32,"column":1}},"line":30},"3":{"name":"findByAuthor","decl":{"start":{"line":40,"column":9},"end":{"line":40,"column":21}},"loc":{"start":{"line":40,"column":38},"end":{"line":42,"column":1}},"line":40},"4":{"name":"findByPattern","decl":{"start":{"line":50,"column":9},"end":{"line":50,"column":22}},"loc":{"start":{"line":50,"column":39},"end":{"line":52,"column":1}},"line":50},"5":{"name":"update","decl":{"start":{"line":93,"column":9},"end":{"line":93,"column":15}},"loc":{"start":{"line":93,"column":32},"end":{"line":95,"column":1}},"line":93},"6":{"name":"discard","decl":{"start":{"line":104,"column":9},"end":{"line":104,"column":16}},"loc":{"start":{"line":104,"column":33},"end":{"line":106,"column":1}},"line":104}},"branchMap":{},"s":{"0":2,"1":2,"2":1,"3":1,"4":2,"5":2,"6":1,"7":2,"8":2},"f":{"0":2,"1":1,"2":1,"3":2,"4":2,"5":1,"6":2},"b":{},"_coverageSchema":"1a1c01bbd47fc00a2c39e90264f33305004495a9","hash":"4795f863997933a9fcfa820444b664c2cf0289a2"}
,"/home/sumit-ub/Desktop/Library_indus.git/controllers/issue.js": {"path":"/home/sumit-ub/Desktop/Library_indus.git/controllers/issue.js","statementMap":{"0":{"start":{"line":1,"column":19},"end":{"line":1,"column":51}},"1":{"start":{"line":10,"column":2},"end":{"line":10,"column":46}},"2":{"start":{"line":20,"column":2},"end":{"line":20,"column":39}},"3":{"start":{"line":30,"column":2},"end":{"line":30,"column":39}},"4":{"start":{"line":40,"column":2},"end":{"line":40,"column":40}},"5":{"start":{"line":50,"column":2},"end":{"line":50,"column":41}},"6":{"start":{"line":53,"column":0},"end":{"line":55,"column":2}}},"fnMap":{"0":{"name":"last100DayAmount","decl":{"start":{"line":9,"column":15},"end":{"line":9,"column":31}},"loc":{"start":{"line":9,"column":48},"end":{"line":11,"column":1}},"line":9},"1":{"name":"getRentedBooks","decl":{"start":{"line":19,"column":15},"end":{"line":19,"column":29}},"loc":{"start":{"line":19,"column":46},"end":{"line":21,"column":1}},"line":19},"2":{"name":"issueBook","decl":{"start":{"line":29,"column":15},"end":{"line":29,"column":24}},"loc":{"start":{"line":29,"column":41},"end":{"line":31,"column":1}},"line":29},"3":{"name":"daysToRent","decl":{"start":{"line":39,"column":15},"end":{"line":39,"column":25}},"loc":{"start":{"line":39,"column":42},"end":{"line":41,"column":1}},"line":39},"4":{"name":"countRented","decl":{"start":{"line":49,"column":9},"end":{"line":49,"column":20}},"loc":{"start":{"line":49,"column":37},"end":{"line":51,"column":1}},"line":49}},"branchMap":{},"s":{"0":2,"1":1,"2":1,"3":1,"4":2,"5":1,"6":2},"f":{"0":1,"1":1,"2":1,"3":2,"4":1},"b":{},"_coverageSchema":"1a1c01bbd47fc00a2c39e90264f33305004495a9","hash":"31ae7448dbe18b63c9ba027e79110a9812aee22f"}
,"/home/sumit-ub/Desktop/Library_indus.git/controllers/users.js": {"path":"/home/sumit-ub/Desktop/Library_indus.git/controllers/users.js","statementMap":{"0":{"start":{"line":2,"column":18},"end":{"line":2,"column":49}},"1":{"start":{"line":11,"column":2},"end":{"line":11,"column":35}},"2":{"start":{"line":21,"column":2},"end":{"line":21,"column":34}},"3":{"start":{"line":31,"column":2},"end":{"line":31,"column":38}},"4":{"start":{"line":34,"column":0},"end":{"line":34,"column":48}}},"fnMap":{"0":{"name":"register","decl":{"start":{"line":10,"column":15},"end":{"line":10,"column":23}},"loc":{"start":{"line":10,"column":40},"end":{"line":12,"column":1}},"line":10},"1":{"name":"login","decl":{"start":{"line":20,"column":15},"end":{"line":20,"column":20}},"loc":{"start":{"line":20,"column":37},"end":{"line":22,"column":1}},"line":20},"2":{"name":"makeAdmin","decl":{"start":{"line":30,"column":15},"end":{"line":30,"column":24}},"loc":{"start":{"line":30,"column":41},"end":{"line":32,"column":1}},"line":30}},"branchMap":{},"s":{"0":2,"1":3,"2":1,"3":2,"4":2},"f":{"0":3,"1":1,"2":2},"b":{},"_coverageSchema":"1a1c01bbd47fc00a2c39e90264f33305004495a9","hash":"600ea5e951fa7fee2ecea8e15a7b5ad17217c8af"}
,"/home/sumit-ub/Desktop/Library_indus.git/helperFunctions/validators/book.js": {"path":"/home/sumit-ub/Desktop/Library_indus.git/helperFunctions/validators/book.js","statementMap":{"0":{"start":{"line":1,"column":24},"end":{"line":1,"column":81}},"1":{"start":{"line":2,"column":28},"end":{"line":2,"column":88}},"2":{"start":{"line":11,"column":15},"end":{"line":11,"column":29}},"3":{"start":{"line":12,"column":17},"end":{"line":12,"column":47}},"4":{"start":{"line":13,"column":2},"end":{"line":13,"column":22}},"5":{"start":{"line":14,"column":17},"end":{"line":14,"column":53}},"6":{"start":{"line":15,"column":2},"end":{"line":21,"column":3}},"7":{"start":{"line":16,"column":4},"end":{"line":16,"column":51}},"8":{"start":{"line":17,"column":4},"end":{"line":17,"column":21}},"9":{"start":{"line":19,"column":4},"end":{"line":19,"column":20}},"10":{"start":{"line":20,"column":4},"end":{"line":20,"column":11}},"11":{"start":{"line":31,"column":15},"end":{"line":31,"column":29}},"12":{"start":{"line":33,"column":17},"end":{"line":33,"column":51}},"13":{"start":{"line":35,"column":17},"end":{"line":35,"column":53}},"14":{"start":{"line":36,"column":2},"end":{"line":42,"column":3}},"15":{"start":{"line":37,"column":4},"end":{"line":37,"column":51}},"16":{"start":{"line":38,"column":4},"end":{"line":38,"column":21}},"17":{"start":{"line":40,"column":4},"end":{"line":40,"column":20}},"18":{"start":{"line":41,"column":4},"end":{"line":41,"column":11}},"19":{"start":{"line":45,"column":0},"end":{"line":45,"column":41}}},"fnMap":{"0":{"name":"addBook","decl":{"start":{"line":10,"column":15},"end":{"line":10,"column":22}},"loc":{"start":{"line":10,"column":39},"end":{"line":22,"column":1}},"line":10},"1":{"name":"updateBook","decl":{"start":{"line":30,"column":15},"end":{"line":30,"column":25}},"loc":{"start":{"line":30,"column":42},"end":{"line":43,"column":1}},"line":30}},"branchMap":{"0":{"loc":{"start":{"line":15,"column":2},"end":{"line":21,"column":3}},"type":"if","locations":[{"start":{"line":15,"column":2},"end":{"line":21,"column":3}},{"start":{"line":15,"column":2},"end":{"line":21,"column":3}}],"line":15},"1":{"loc":{"start":{"line":36,"column":2},"end":{"line":42,"column":3}},"type":"if","locations":[{"start":{"line":36,"column":2},"end":{"line":42,"column":3}},{"start":{"line":36,"column":2},"end":{"line":42,"column":3}}],"line":36}},"s":{"0":2,"1":2,"2":2,"3":2,"4":2,"5":2,"6":2,"7":0,"8":0,"9":2,"10":2,"11":1,"12":1,"13":1,"14":1,"15":0,"16":0,"17":1,"18":1,"19":2},"f":{"0":2,"1":1},"b":{"0":[0,2],"1":[0,1]},"_coverageSchema":"1a1c01bbd47fc00a2c39e90264f33305004495a9","hash":"bc1d8c4598bfe9103dc76441f19ba1b7becbeee9"}
,"/home/sumit-ub/Desktop/Library_indus.git/helperFunctions/validators/users.js": {"path":"/home/sumit-ub/Desktop/Library_indus.git/helperFunctions/validators/users.js","statementMap":{"0":{"start":{"line":1,"column":16},"end":{"line":1,"column":76}},"1":{"start":{"line":2,"column":15},"end":{"line":2,"column":75}},"2":{"start":{"line":11,"column":15},"end":{"line":11,"column":29}},"3":{"start":{"line":12,"column":17},"end":{"line":12,"column":39}},"4":{"start":{"line":13,"column":17},"end":{"line":13,"column":53}},"5":{"start":{"line":14,"column":2},"end":{"line":20,"column":3}},"6":{"start":{"line":15,"column":4},"end":{"line":15,"column":51}},"7":{"start":{"line":16,"column":4},"end":{"line":16,"column":33}},"8":{"start":{"line":18,"column":4},"end":{"line":18,"column":20}},"9":{"start":{"line":19,"column":4},"end":{"line":19,"column":11}},"10":{"start":{"line":30,"column":20},"end":{"line":30,"column":34}},"11":{"start":{"line":31,"column":17},"end":{"line":31,"column":43}},"12":{"start":{"line":32,"column":17},"end":{"line":32,"column":53}},"13":{"start":{"line":33,"column":2},"end":{"line":39,"column":3}},"14":{"start":{"line":34,"column":4},"end":{"line":34,"column":51}},"15":{"start":{"line":35,"column":4},"end":{"line":35,"column":33}},"16":{"start":{"line":37,"column":4},"end":{"line":37,"column":25}},"17":{"start":{"line":38,"column":4},"end":{"line":38,"column":11}},"18":{"start":{"line":42,"column":0},"end":{"line":42,"column":36}}},"fnMap":{"0":{"name":"signup","decl":{"start":{"line":10,"column":15},"end":{"line":10,"column":21}},"loc":{"start":{"line":10,"column":38},"end":{"line":21,"column":1}},"line":10},"1":{"name":"signin","decl":{"start":{"line":29,"column":15},"end":{"line":29,"column":21}},"loc":{"start":{"line":29,"column":38},"end":{"line":40,"column":1}},"line":29}},"branchMap":{"0":{"loc":{"start":{"line":14,"column":2},"end":{"line":20,"column":3}},"type":"if","locations":[{"start":{"line":14,"column":2},"end":{"line":20,"column":3}},{"start":{"line":14,"column":2},"end":{"line":20,"column":3}}],"line":14},"1":{"loc":{"start":{"line":33,"column":2},"end":{"line":39,"column":3}},"type":"if","locations":[{"start":{"line":33,"column":2},"end":{"line":39,"column":3}},{"start":{"line":33,"column":2},"end":{"line":39,"column":3}}],"line":33}},"s":{"0":2,"1":2,"2":3,"3":3,"4":3,"5":3,"6":0,"7":0,"8":3,"9":3,"10":1,"11":1,"12":1,"13":1,"14":0,"15":0,"16":1,"17":1,"18":2},"f":{"0":3,"1":1},"b":{"0":[0,3],"1":[0,1]},"_coverageSchema":"1a1c01bbd47fc00a2c39e90264f33305004495a9","hash":"788478a07da5116b49d2dbd2b5c70baf497adffd"}
,"/home/sumit-ub/Desktop/Library_indus.git/middleware/authorization.js": {"path":"/home/sumit-ub/Desktop/Library_indus.git/middleware/authorization.js","statementMap":{"0":{"start":{"line":3,"column":12},"end":{"line":3,"column":35}},"1":{"start":{"line":5,"column":15},"end":{"line":5,"column":32}},"2":{"start":{"line":7,"column":15},"end":{"line":7,"column":47}},"3":{"start":{"line":9,"column":0},"end":{"line":9,"column":16}},"4":{"start":{"line":11,"column":24},"end":{"line":11,"column":35}},"5":{"start":{"line":21,"column":2},"end":{"line":38,"column":3}},"6":{"start":{"line":22,"column":4},"end":{"line":22,"column":91}},"7":{"start":{"line":22,"column":40},"end":{"line":22,"column":89}},"8":{"start":{"line":23,"column":18},"end":{"line":23,"column":92}},"9":{"start":{"line":24,"column":4},"end":{"line":35,"column":5}},"10":{"start":{"line":25,"column":6},"end":{"line":32,"column":9}},"11":{"start":{"line":26,"column":8},"end":{"line":31,"column":9}},"12":{"start":{"line":27,"column":10},"end":{"line":27,"column":33}},"13":{"start":{"line":28,"column":10},"end":{"line":28,"column":17}},"14":{"start":{"line":30,"column":10},"end":{"line":30,"column":57}},"15":{"start":{"line":34,"column":6},"end":{"line":34,"column":55}},"16":{"start":{"line":37,"column":4},"end":{"line":37,"column":49}},"17":{"start":{"line":49,"column":2},"end":{"line":71,"column":3}},"18":{"start":{"line":50,"column":4},"end":{"line":50,"column":91}},"19":{"start":{"line":50,"column":40},"end":{"line":50,"column":89}},"20":{"start":{"line":51,"column":18},"end":{"line":51,"column":92}},"21":{"start":{"line":52,"column":4},"end":{"line":68,"column":5}},"22":{"start":{"line":53,"column":6},"end":{"line":65,"column":9}},"23":{"start":{"line":54,"column":8},"end":{"line":64,"column":9}},"24":{"start":{"line":55,"column":10},"end":{"line":55,"column":33}},"25":{"start":{"line":56,"column":10},"end":{"line":56,"column":36}},"26":{"start":{"line":57,"column":10},"end":{"line":61,"column":11}},"27":{"start":{"line":58,"column":12},"end":{"line":58,"column":19}},"28":{"start":{"line":60,"column":12},"end":{"line":60,"column":43}},"29":{"start":{"line":63,"column":10},"end":{"line":63,"column":64}},"30":{"start":{"line":67,"column":6},"end":{"line":67,"column":55}},"31":{"start":{"line":70,"column":4},"end":{"line":70,"column":49}},"32":{"start":{"line":74,"column":0},"end":{"line":74,"column":49}}},"fnMap":{"0":{"name":"isLoggedIn","decl":{"start":{"line":19,"column":15},"end":{"line":19,"column":25}},"loc":{"start":{"line":19,"column":42},"end":{"line":39,"column":1}},"line":19},"1":{"name":"(anonymous_1)","decl":{"start":{"line":25,"column":37},"end":{"line":25,"column":38}},"loc":{"start":{"line":25,"column":55},"end":{"line":32,"column":7}},"line":25},"2":{"name":"isLoggedInAdmin","decl":{"start":{"line":47,"column":15},"end":{"line":47,"column":30}},"loc":{"start":{"line":47,"column":47},"end":{"line":72,"column":1}},"line":47},"3":{"name":"(anonymous_3)","decl":{"start":{"line":53,"column":37},"end":{"line":53,"column":38}},"loc":{"start":{"line":53,"column":55},"end":{"line":65,"column":7}},"line":53}},"branchMap":{"0":{"loc":{"start":{"line":22,"column":4},"end":{"line":22,"column":91}},"type":"if","locations":[{"start":{"line":22,"column":4},"end":{"line":22,"column":91}},{"start":{"line":22,"column":4},"end":{"line":22,"column":91}}],"line":22},"1":{"loc":{"start":{"line":23,"column":18},"end":{"line":23,"column":92}},"type":"binary-expr","locations":[{"start":{"line":23,"column":18},"end":{"line":23,"column":47}},{"start":{"line":23,"column":51},"end":{"line":23,"column":92}}],"line":23},"2":{"loc":{"start":{"line":24,"column":4},"end":{"line":35,"column":5}},"type":"if","locations":[{"start":{"line":24,"column":4},"end":{"line":35,"column":5}},{"start":{"line":24,"column":4},"end":{"line":35,"column":5}}],"line":24},"3":{"loc":{"start":{"line":26,"column":8},"end":{"line":31,"column":9}},"type":"if","locations":[{"start":{"line":26,"column":8},"end":{"line":31,"column":9}},{"start":{"line":26,"column":8},"end":{"line":31,"column":9}}],"line":26},"4":{"loc":{"start":{"line":50,"column":4},"end":{"line":50,"column":91}},"type":"if","locations":[{"start":{"line":50,"column":4},"end":{"line":50,"column":91}},{"start":{"line":50,"column":4},"end":{"line":50,"column":91}}],"line":50},"5":{"loc":{"start":{"line":51,"column":18},"end":{"line":51,"column":92}},"type":"binary-expr","locations":[{"start":{"line":51,"column":18},"end":{"line":51,"column":47}},{"start":{"line":51,"column":51},"end":{"line":51,"column":92}}],"line":51},"6":{"loc":{"start":{"line":52,"column":4},"end":{"line":68,"column":5}},"type":"if","locations":[{"start":{"line":52,"column":4},"end":{"line":68,"column":5}},{"start":{"line":52,"column":4},"end":{"line":68,"column":5}}],"line":52},"7":{"loc":{"start":{"line":54,"column":8},"end":{"line":64,"column":9}},"type":"if","locations":[{"start":{"line":54,"column":8},"end":{"line":64,"column":9}},{"start":{"line":54,"column":8},"end":{"line":64,"column":9}}],"line":54},"8":{"loc":{"start":{"line":57,"column":10},"end":{"line":61,"column":11}},"type":"if","locations":[{"start":{"line":57,"column":10},"end":{"line":61,"column":11}},{"start":{"line":57,"column":10},"end":{"line":61,"column":11}}],"line":57}},"s":{"0":2,"1":2,"2":2,"3":2,"4":2,"5":9,"6":9,"7":0,"8":9,"9":9,"10":9,"11":9,"12":9,"13":9,"14":0,"15":0,"16":0,"17":8,"18":8,"19":0,"20":8,"21":8,"22":8,"23":8,"24":8,"25":8,"26":8,"27":8,"28":0,"29":0,"30":0,"31":0,"32":2},"f":{"0":9,"1":9,"2":8,"3":8},"b":{"0":[0,9],"1":[9,9],"2":[9,0],"3":[9,0],"4":[0,8],"5":[8,8],"6":[8,0],"7":[8,0],"8":[8,0]},"_coverageSchema":"1a1c01bbd47fc00a2c39e90264f33305004495a9","hash":"5c78fccce1c0b3151d4a140dd94082ec40347ac3"}
,"/home/sumit-ub/Desktop/Library_indus.git/models/query/book.js": {"path":"/home/sumit-ub/Desktop/Library_indus.git/models/query/book.js","statementMap":{"0":{"start":{"line":3,"column":17},"end":{"line":3,"column":36}},"1":{"start":{"line":5,"column":0},"end":{"line":5,"column":40}},"2":{"start":{"line":7,"column":13},"end":{"line":7,"column":38}},"3":{"start":{"line":9,"column":16},"end":{"line":9,"column":41}},"4":{"start":{"line":10,"column":13},"end":{"line":10,"column":50}},"5":{"start":{"line":12,"column":15},"end":{"line":12,"column":50}},"6":{"start":{"line":13,"column":13},"end":{"line":13,"column":51}},"7":{"start":{"line":24,"column":19},"end":{"line":24,"column":22}},"8":{"start":{"line":25,"column":2},"end":{"line":25,"column":20}},"9":{"start":{"line":26,"column":2},"end":{"line":47,"column":3}},"10":{"start":{"line":27,"column":17},"end":{"line":27,"column":55}},"11":{"start":{"line":28,"column":4},"end":{"line":44,"column":5}},"12":{"start":{"line":29,"column":6},"end":{"line":29,"column":58}},"13":{"start":{"line":31,"column":22},"end":{"line":38,"column":8}},"14":{"start":{"line":39,"column":6},"end":{"line":39,"column":27}},"15":{"start":{"line":40,"column":6},"end":{"line":40,"column":27}},"16":{"start":{"line":41,"column":6},"end":{"line":43,"column":111}},"17":{"start":{"line":42,"column":22},"end":{"line":42,"column":43}},"18":{"start":{"line":42,"column":44},"end":{"line":42,"column":96}},"19":{"start":{"line":43,"column":23},"end":{"line":43,"column":41}},"20":{"start":{"line":43,"column":42},"end":{"line":43,"column":107}},"21":{"start":{"line":46,"column":4},"end":{"line":46,"column":14}},"22":{"start":{"line":58,"column":20},"end":{"line":58,"column":29}},"23":{"start":{"line":59,"column":2},"end":{"line":68,"column":3}},"24":{"start":{"line":60,"column":18},"end":{"line":60,"column":51}},"25":{"start":{"line":61,"column":4},"end":{"line":65,"column":5}},"26":{"start":{"line":62,"column":6},"end":{"line":62,"column":61}},"27":{"start":{"line":64,"column":6},"end":{"line":64,"column":102}},"28":{"start":{"line":67,"column":4},"end":{"line":67,"column":14}},"29":{"start":{"line":78,"column":2},"end":{"line":84,"column":3}},"30":{"start":{"line":79,"column":17},"end":{"line":79,"column":128}},"31":{"start":{"line":80,"column":4},"end":{"line":80,"column":22}},"32":{"start":{"line":81,"column":4},"end":{"line":81,"column":104}},"33":{"start":{"line":83,"column":4},"end":{"line":83,"column":14}},"34":{"start":{"line":118,"column":2},"end":{"line":134,"column":3}},"35":{"start":{"line":119,"column":23},"end":{"line":119,"column":32}},"36":{"start":{"line":120,"column":23},"end":{"line":120,"column":32}},"37":{"start":{"line":120,"column":34},"end":{"line":120,"column":54}},"38":{"start":{"line":120,"column":55},"end":{"line":120,"column":75}},"39":{"start":{"line":122,"column":4},"end":{"line":131,"column":7}},"40":{"start":{"line":123,"column":6},"end":{"line":130,"column":34}},"41":{"start":{"line":124,"column":8},"end":{"line":128,"column":9}},"42":{"start":{"line":125,"column":10},"end":{"line":125,"column":71}},"43":{"start":{"line":127,"column":10},"end":{"line":127,"column":85}},"44":{"start":{"line":130,"column":22},"end":{"line":130,"column":32}},"45":{"start":{"line":133,"column":4},"end":{"line":133,"column":14}},"46":{"start":{"line":145,"column":2},"end":{"line":157,"column":3}},"47":{"start":{"line":146,"column":24},"end":{"line":146,"column":33}},"48":{"start":{"line":147,"column":18},"end":{"line":147,"column":143}},"49":{"start":{"line":148,"column":4},"end":{"line":154,"column":5}},"50":{"start":{"line":149,"column":6},"end":{"line":149,"column":27}},"51":{"start":{"line":150,"column":6},"end":{"line":150,"column":67}},"52":{"start":{"line":152,"column":6},"end":{"line":152,"column":24}},"53":{"start":{"line":153,"column":6},"end":{"line":153,"column":64}},"54":{"start":{"line":156,"column":4},"end":{"line":156,"column":14}},"55":{"start":{"line":199,"column":2},"end":{"line":205,"column":3}},"56":{"start":{"line":200,"column":21},"end":{"line":200,"column":24}},"57":{"start":{"line":201,"column":19},"end":{"line":201,"column":87}},"58":{"start":{"line":202,"column":4},"end":{"line":202,"column":72}},"59":{"start":{"line":204,"column":4},"end":{"line":204,"column":14}},"60":{"start":{"line":232,"column":2},"end":{"line":247,"column":3}},"61":{"start":{"line":233,"column":23},"end":{"line":233,"column":33}},"62":{"start":{"line":234,"column":17},"end":{"line":234,"column":44}},"63":{"start":{"line":235,"column":4},"end":{"line":244,"column":5}},"64":{"start":{"line":236,"column":6},"end":{"line":236,"column":68}},"65":{"start":{"line":237,"column":11},"end":{"line":244,"column":5}},"66":{"start":{"line":238,"column":6},"end":{"line":238,"column":60}},"67":{"start":{"line":240,"column":6},"end":{"line":240,"column":30}},"68":{"start":{"line":241,"column":6},"end":{"line":241,"column":18}},"69":{"start":{"line":242,"column":6},"end":{"line":242,"column":74}},"70":{"start":{"line":243,"column":6},"end":{"line":243,"column":31}},"71":{"start":{"line":246,"column":4},"end":{"line":246,"column":14}},"72":{"start":{"line":250,"column":0},"end":{"line":253,"column":2}}},"fnMap":{"0":{"name":"bookAdd","decl":{"start":{"line":23,"column":15},"end":{"line":23,"column":22}},"loc":{"start":{"line":23,"column":39},"end":{"line":48,"column":1}},"line":23},"1":{"name":"(anonymous_1)","decl":{"start":{"line":42,"column":14},"end":{"line":42,"column":15}},"loc":{"start":{"line":42,"column":20},"end":{"line":42,"column":98}},"line":42},"2":{"name":"(anonymous_2)","decl":{"start":{"line":43,"column":15},"end":{"line":43,"column":16}},"loc":{"start":{"line":43,"column":21},"end":{"line":43,"column":109}},"line":43},"3":{"name":"findByGenre","decl":{"start":{"line":57,"column":15},"end":{"line":57,"column":26}},"loc":{"start":{"line":57,"column":43},"end":{"line":69,"column":1}},"line":57},"4":{"name":"countAll","decl":{"start":{"line":77,"column":15},"end":{"line":77,"column":23}},"loc":{"start":{"line":77,"column":40},"end":{"line":85,"column":1}},"line":77},"5":{"name":"findByAuthor","decl":{"start":{"line":117,"column":15},"end":{"line":117,"column":27}},"loc":{"start":{"line":117,"column":44},"end":{"line":135,"column":1}},"line":117},"6":{"name":"(anonymous_6)","decl":{"start":{"line":122,"column":142},"end":{"line":122,"column":143}},"loc":{"start":{"line":122,"column":157},"end":{"line":131,"column":5}},"line":122},"7":{"name":"findByPattern","decl":{"start":{"line":144,"column":15},"end":{"line":144,"column":28}},"loc":{"start":{"line":144,"column":45},"end":{"line":158,"column":1}},"line":144},"8":{"name":"update","decl":{"start":{"line":198,"column":15},"end":{"line":198,"column":21}},"loc":{"start":{"line":198,"column":38},"end":{"line":206,"column":1}},"line":198},"9":{"name":"discard","decl":{"start":{"line":231,"column":15},"end":{"line":231,"column":22}},"loc":{"start":{"line":231,"column":39},"end":{"line":248,"column":1}},"line":231}},"branchMap":{"0":{"loc":{"start":{"line":28,"column":4},"end":{"line":44,"column":5}},"type":"if","locations":[{"start":{"line":28,"column":4},"end":{"line":44,"column":5}},{"start":{"line":28,"column":4},"end":{"line":44,"column":5}}],"line":28},"1":{"loc":{"start":{"line":61,"column":4},"end":{"line":65,"column":5}},"type":"if","locations":[{"start":{"line":61,"column":4},"end":{"line":65,"column":5}},{"start":{"line":61,"column":4},"end":{"line":65,"column":5}}],"line":61},"2":{"loc":{"start":{"line":124,"column":8},"end":{"line":128,"column":9}},"type":"if","locations":[{"start":{"line":124,"column":8},"end":{"line":128,"column":9}},{"start":{"line":124,"column":8},"end":{"line":128,"column":9}}],"line":124},"3":{"loc":{"start":{"line":148,"column":4},"end":{"line":154,"column":5}},"type":"if","locations":[{"start":{"line":148,"column":4},"end":{"line":154,"column":5}},{"start":{"line":148,"column":4},"end":{"line":154,"column":5}}],"line":148},"4":{"loc":{"start":{"line":235,"column":4},"end":{"line":244,"column":5}},"type":"if","locations":[{"start":{"line":235,"column":4},"end":{"line":244,"column":5}},{"start":{"line":235,"column":4},"end":{"line":244,"column":5}}],"line":235},"5":{"loc":{"start":{"line":237,"column":11},"end":{"line":244,"column":5}},"type":"if","locations":[{"start":{"line":237,"column":11},"end":{"line":244,"column":5}},{"start":{"line":237,"column":11},"end":{"line":244,"column":5}}],"line":237}},"s":{"0":2,"1":2,"2":2,"3":2,"4":2,"5":2,"6":2,"7":2,"8":2,"9":2,"10":2,"11":2,"12":1,"13":1,"14":1,"15":1,"16":1,"17":1,"18":1,"19":0,"20":0,"21":1,"22":1,"23":1,"24":1,"25":1,"26":0,"27":1,"28":0,"29":1,"30":1,"31":1,"32":1,"33":0,"34":2,"35":2,"36":2,"37":2,"38":2,"39":2,"40":2,"41":2,"42":1,"43":1,"44":1,"45":0,"46":2,"47":2,"48":2,"49":2,"50":1,"51":1,"52":1,"53":1,"54":1,"55":1,"56":1,"57":1,"58":1,"59":0,"60":2,"61":2,"62":2,"63":2,"64":0,"65":2,"66":1,"67":1,"68":1,"69":1,"70":1,"71":1,"72":2},"f":{"0":2,"1":1,"2":0,"3":1,"4":1,"5":2,"6":2,"7":2,"8":1,"9":2},"b":{"0":[1,1],"1":[0,1],"2":[1,1],"3":[1,1],"4":[0,2],"5":[1,1]},"_coverageSchema":"1a1c01bbd47fc00a2c39e90264f33305004495a9","hash":"a406ff8d88fda079462b6dec81d19f9acba354eb"}
,"/home/sumit-ub/Desktop/Library_indus.git/models/query/issue.js": {"path":"/home/sumit-ub/Desktop/Library_indus.git/models/query/issue.js","statementMap":{"0":{"start":{"line":6,"column":17},"end":{"line":6,"column":36}},"1":{"start":{"line":7,"column":15},"end":{"line":7,"column":32}},"2":{"start":{"line":8,"column":14},"end":{"line":8,"column":40}},"3":{"start":{"line":10,"column":15},"end":{"line":10,"column":50}},"4":{"start":{"line":12,"column":0},"end":{"line":12,"column":16}},"5":{"start":{"line":13,"column":13},"end":{"line":13,"column":51}},"6":{"start":{"line":15,"column":13},"end":{"line":15,"column":38}},"7":{"start":{"line":24,"column":2},"end":{"line":67,"column":3}},"8":{"start":{"line":26,"column":17},"end":{"line":26,"column":27}},"9":{"start":{"line":27,"column":21},"end":{"line":27,"column":24}},"10":{"start":{"line":28,"column":25},"end":{"line":28,"column":74}},"11":{"start":{"line":29,"column":18},"end":{"line":29,"column":38}},"12":{"start":{"line":30,"column":4},"end":{"line":64,"column":5}},"13":{"start":{"line":31,"column":6},"end":{"line":39,"column":9}},"14":{"start":{"line":40,"column":6},"end":{"line":45,"column":7}},"15":{"start":{"line":41,"column":8},"end":{"line":41,"column":89}},"16":{"start":{"line":43,"column":8},"end":{"line":43,"column":70}},"17":{"start":{"line":44,"column":8},"end":{"line":44,"column":95}},"18":{"start":{"line":46,"column":11},"end":{"line":64,"column":5}},"19":{"start":{"line":47,"column":6},"end":{"line":55,"column":9}},"20":{"start":{"line":56,"column":6},"end":{"line":61,"column":7}},"21":{"start":{"line":57,"column":8},"end":{"line":57,"column":89}},"22":{"start":{"line":59,"column":8},"end":{"line":59,"column":70}},"23":{"start":{"line":60,"column":8},"end":{"line":60,"column":95}},"24":{"start":{"line":63,"column":6},"end":{"line":63,"column":60}},"25":{"start":{"line":66,"column":4},"end":{"line":66,"column":14}},"26":{"start":{"line":77,"column":23},"end":{"line":77,"column":26}},"27":{"start":{"line":78,"column":18},"end":{"line":78,"column":20}},"28":{"start":{"line":80,"column":2},"end":{"line":120,"column":3}},"29":{"start":{"line":81,"column":4},"end":{"line":117,"column":5}},"30":{"start":{"line":82,"column":6},"end":{"line":98,"column":11}},"31":{"start":{"line":85,"column":10},"end":{"line":97,"column":11}},"32":{"start":{"line":86,"column":12},"end":{"line":94,"column":13}},"33":{"start":{"line":86,"column":36},"end":{"line":86,"column":104}},"34":{"start":{"line":87,"column":14},"end":{"line":87,"column":32}},"35":{"start":{"line":87,"column":33},"end":{"line":87,"column":67}},"36":{"start":{"line":88,"column":14},"end":{"line":91,"column":15}},"37":{"start":{"line":89,"column":16},"end":{"line":89,"column":47}},"38":{"start":{"line":90,"column":16},"end":{"line":90,"column":48}},"39":{"start":{"line":92,"column":14},"end":{"line":92,"column":78}},"40":{"start":{"line":93,"column":14},"end":{"line":93,"column":85}},"41":{"start":{"line":96,"column":12},"end":{"line":96,"column":22}},"42":{"start":{"line":100,"column":6},"end":{"line":116,"column":11}},"43":{"start":{"line":103,"column":10},"end":{"line":115,"column":11}},"44":{"start":{"line":104,"column":12},"end":{"line":112,"column":13}},"45":{"start":{"line":104,"column":36},"end":{"line":104,"column":104}},"46":{"start":{"line":105,"column":14},"end":{"line":105,"column":32}},"47":{"start":{"line":105,"column":33},"end":{"line":105,"column":67}},"48":{"start":{"line":106,"column":14},"end":{"line":109,"column":15}},"49":{"start":{"line":107,"column":16},"end":{"line":107,"column":47}},"50":{"start":{"line":108,"column":16},"end":{"line":108,"column":48}},"51":{"start":{"line":110,"column":14},"end":{"line":110,"column":78}},"52":{"start":{"line":111,"column":14},"end":{"line":111,"column":85}},"53":{"start":{"line":114,"column":12},"end":{"line":114,"column":22}},"54":{"start":{"line":119,"column":4},"end":{"line":119,"column":14}},"55":{"start":{"line":130,"column":2},"end":{"line":183,"column":3}},"56":{"start":{"line":132,"column":21},"end":{"line":132,"column":33}},"57":{"start":{"line":133,"column":23},"end":{"line":133,"column":33}},"58":{"start":{"line":134,"column":21},"end":{"line":134,"column":55}},"59":{"start":{"line":135,"column":4},"end":{"line":180,"column":5}},"60":{"start":{"line":136,"column":6},"end":{"line":136,"column":52}},"61":{"start":{"line":138,"column":25},"end":{"line":138,"column":33}},"62":{"start":{"line":140,"column":27},"end":{"line":140,"column":86}},"63":{"start":{"line":141,"column":6},"end":{"line":141,"column":26}},"64":{"start":{"line":141,"column":27},"end":{"line":141,"column":53}},"65":{"start":{"line":143,"column":24},"end":{"line":143,"column":45}},"66":{"start":{"line":143,"column":47},"end":{"line":143,"column":70}},"67":{"start":{"line":144,"column":6},"end":{"line":179,"column":7}},"68":{"start":{"line":145,"column":22},"end":{"line":145,"column":32}},"69":{"start":{"line":146,"column":18},"end":{"line":146,"column":42}},"70":{"start":{"line":149,"column":21},"end":{"line":149,"column":73}},"71":{"start":{"line":149,"column":75},"end":{"line":149,"column":104}},"72":{"start":{"line":150,"column":25},"end":{"line":150,"column":48}},"73":{"start":{"line":150,"column":50},"end":{"line":150,"column":68}},"74":{"start":{"line":150,"column":69},"end":{"line":150,"column":91}},"75":{"start":{"line":151,"column":8},"end":{"line":176,"column":9}},"76":{"start":{"line":152,"column":10},"end":{"line":152,"column":96}},"77":{"start":{"line":154,"column":33},"end":{"line":154,"column":105}},"78":{"start":{"line":155,"column":10},"end":{"line":175,"column":11}},"79":{"start":{"line":156,"column":12},"end":{"line":156,"column":87}},"80":{"start":{"line":158,"column":12},"end":{"line":158,"column":46}},"81":{"start":{"line":159,"column":29},"end":{"line":165,"column":14}},"82":{"start":{"line":166,"column":12},"end":{"line":174,"column":17}},"83":{"start":{"line":168,"column":16},"end":{"line":168,"column":58}},"84":{"start":{"line":169,"column":16},"end":{"line":169,"column":81}},"85":{"start":{"line":172,"column":16},"end":{"line":172,"column":56}},"86":{"start":{"line":173,"column":16},"end":{"line":173,"column":70}},"87":{"start":{"line":178,"column":8},"end":{"line":178,"column":78}},"88":{"start":{"line":182,"column":4},"end":{"line":182,"column":14}},"89":{"start":{"line":194,"column":2},"end":{"line":227,"column":3}},"90":{"start":{"line":195,"column":23},"end":{"line":195,"column":33}},"91":{"start":{"line":197,"column":4},"end":{"line":201,"column":5}},"92":{"start":{"line":198,"column":6},"end":{"line":198,"column":45}},"93":{"start":{"line":200,"column":6},"end":{"line":200,"column":64}},"94":{"start":{"line":202,"column":23},"end":{"line":202,"column":31}},"95":{"start":{"line":203,"column":4},"end":{"line":203,"column":24}},"96":{"start":{"line":204,"column":25},"end":{"line":204,"column":70}},"97":{"start":{"line":205,"column":4},"end":{"line":205,"column":23}},"98":{"start":{"line":206,"column":4},"end":{"line":206,"column":30}},"99":{"start":{"line":208,"column":22},"end":{"line":208,"column":43}},"100":{"start":{"line":209,"column":4},"end":{"line":224,"column":5}},"101":{"start":{"line":210,"column":6},"end":{"line":210,"column":44}},"102":{"start":{"line":211,"column":6},"end":{"line":211,"column":69}},"103":{"start":{"line":213,"column":21},"end":{"line":213,"column":76}},"104":{"start":{"line":215,"column":25},"end":{"line":215,"column":51}},"105":{"start":{"line":215,"column":53},"end":{"line":215,"column":86}},"106":{"start":{"line":216,"column":6},"end":{"line":216,"column":40}},"107":{"start":{"line":217,"column":26},"end":{"line":217,"column":36}},"108":{"start":{"line":218,"column":6},"end":{"line":218,"column":31}},"109":{"start":{"line":219,"column":24},"end":{"line":219,"column":95}},"110":{"start":{"line":220,"column":6},"end":{"line":220,"column":29}},"111":{"start":{"line":223,"column":6},"end":{"line":223,"column":95}},"112":{"start":{"line":226,"column":4},"end":{"line":226,"column":14}},"113":{"start":{"line":237,"column":2},"end":{"line":242,"column":3}},"114":{"start":{"line":238,"column":17},"end":{"line":238,"column":68}},"115":{"start":{"line":239,"column":4},"end":{"line":239,"column":97}},"116":{"start":{"line":241,"column":4},"end":{"line":241,"column":14}},"117":{"start":{"line":244,"column":0},"end":{"line":246,"column":2}}},"fnMap":{"0":{"name":"last100dayamount","decl":{"start":{"line":23,"column":15},"end":{"line":23,"column":31}},"loc":{"start":{"line":23,"column":48},"end":{"line":68,"column":1}},"line":23},"1":{"name":"getRented","decl":{"start":{"line":76,"column":15},"end":{"line":76,"column":24}},"loc":{"start":{"line":76,"column":41},"end":{"line":121,"column":1}},"line":76},"2":{"name":"(anonymous_2)","decl":{"start":{"line":84,"column":14},"end":{"line":84,"column":15}},"loc":{"start":{"line":84,"column":30},"end":{"line":98,"column":9}},"line":84},"3":{"name":"(anonymous_3)","decl":{"start":{"line":102,"column":14},"end":{"line":102,"column":15}},"loc":{"start":{"line":102,"column":30},"end":{"line":116,"column":9}},"line":102},"4":{"name":"issueBook","decl":{"start":{"line":129,"column":15},"end":{"line":129,"column":24}},"loc":{"start":{"line":129,"column":41},"end":{"line":185,"column":1}},"line":129},"5":{"name":"(anonymous_5)","decl":{"start":{"line":167,"column":20},"end":{"line":167,"column":21}},"loc":{"start":{"line":167,"column":26},"end":{"line":170,"column":15}},"line":167},"6":{"name":"(anonymous_6)","decl":{"start":{"line":171,"column":21},"end":{"line":171,"column":22}},"loc":{"start":{"line":171,"column":27},"end":{"line":174,"column":15}},"line":171},"7":{"name":"daysToRent","decl":{"start":{"line":193,"column":15},"end":{"line":193,"column":25}},"loc":{"start":{"line":193,"column":42},"end":{"line":228,"column":1}},"line":193},"8":{"name":"countRented","decl":{"start":{"line":236,"column":15},"end":{"line":236,"column":26}},"loc":{"start":{"line":236,"column":43},"end":{"line":243,"column":1}},"line":236}},"branchMap":{"0":{"loc":{"start":{"line":30,"column":4},"end":{"line":64,"column":5}},"type":"if","locations":[{"start":{"line":30,"column":4},"end":{"line":64,"column":5}},{"start":{"line":30,"column":4},"end":{"line":64,"column":5}}],"line":30},"1":{"loc":{"start":{"line":34,"column":48},"end":{"line":34,"column":84}},"type":"binary-expr","locations":[{"start":{"line":34,"column":48},"end":{"line":34,"column":63}},{"start":{"line":34,"column":67},"end":{"line":34,"column":84}}],"line":34},"2":{"loc":{"start":{"line":40,"column":6},"end":{"line":45,"column":7}},"type":"if","locations":[{"start":{"line":40,"column":6},"end":{"line":45,"column":7}},{"start":{"line":40,"column":6},"end":{"line":45,"column":7}}],"line":40},"3":{"loc":{"start":{"line":46,"column":11},"end":{"line":64,"column":5}},"type":"if","locations":[{"start":{"line":46,"column":11},"end":{"line":64,"column":5}},{"start":{"line":46,"column":11},"end":{"line":64,"column":5}}],"line":46},"4":{"loc":{"start":{"line":56,"column":6},"end":{"line":61,"column":7}},"type":"if","locations":[{"start":{"line":56,"column":6},"end":{"line":61,"column":7}},{"start":{"line":56,"column":6},"end":{"line":61,"column":7}}],"line":56},"5":{"loc":{"start":{"line":81,"column":4},"end":{"line":117,"column":5}},"type":"if","locations":[{"start":{"line":81,"column":4},"end":{"line":117,"column":5}},{"start":{"line":81,"column":4},"end":{"line":117,"column":5}}],"line":81},"6":{"loc":{"start":{"line":82,"column":27},"end":{"line":82,"column":57}},"type":"binary-expr","locations":[{"start":{"line":82,"column":27},"end":{"line":82,"column":42}},{"start":{"line":82,"column":46},"end":{"line":82,"column":57}}],"line":82},"7":{"loc":{"start":{"line":86,"column":12},"end":{"line":94,"column":13}},"type":"if","locations":[{"start":{"line":86,"column":12},"end":{"line":94,"column":13}},{"start":{"line":86,"column":12},"end":{"line":94,"column":13}}],"line":86},"8":{"loc":{"start":{"line":104,"column":12},"end":{"line":112,"column":13}},"type":"if","locations":[{"start":{"line":104,"column":12},"end":{"line":112,"column":13}},{"start":{"line":104,"column":12},"end":{"line":112,"column":13}}],"line":104},"9":{"loc":{"start":{"line":135,"column":4},"end":{"line":180,"column":5}},"type":"if","locations":[{"start":{"line":135,"column":4},"end":{"line":180,"column":5}},{"start":{"line":135,"column":4},"end":{"line":180,"column":5}}],"line":135},"10":{"loc":{"start":{"line":144,"column":6},"end":{"line":179,"column":7}},"type":"if","locations":[{"start":{"line":144,"column":6},"end":{"line":179,"column":7}},{"start":{"line":144,"column":6},"end":{"line":179,"column":7}}],"line":144},"11":{"loc":{"start":{"line":151,"column":8},"end":{"line":176,"column":9}},"type":"if","locations":[{"start":{"line":151,"column":8},"end":{"line":176,"column":9}},{"start":{"line":151,"column":8},"end":{"line":176,"column":9}}],"line":151},"12":{"loc":{"start":{"line":155,"column":10},"end":{"line":175,"column":11}},"type":"if","locations":[{"start":{"line":155,"column":10},"end":{"line":175,"column":11}},{"start":{"line":155,"column":10},"end":{"line":175,"column":11}}],"line":155},"13":{"loc":{"start":{"line":209,"column":4},"end":{"line":224,"column":5}},"type":"if","locations":[{"start":{"line":209,"column":4},"end":{"line":224,"column":5}},{"start":{"line":209,"column":4},"end":{"line":224,"column":5}}],"line":209}},"s":{"0":2,"1":2,"2":2,"3":2,"4":2,"5":2,"6":2,"7":1,"8":1,"9":1,"10":1,"11":1,"12":1,"13":1,"14":1,"15":1,"16":0,"17":0,"18":0,"19":0,"20":0,"21":0,"22":0,"23":0,"24":0,"25":0,"26":1,"27":1,"28":1,"29":1,"30":1,"31":1,"32":1,"33":1,"34":0,"35":0,"36":0,"37":0,"38":0,"39":0,"40":0,"41":0,"42":0,"43":0,"44":0,"45":0,"46":0,"47":0,"48":0,"49":0,"50":0,"51":0,"52":0,"53":0,"54":0,"55":1,"56":1,"57":1,"58":1,"59":1,"60":0,"61":1,"62":1,"63":1,"64":1,"65":1,"66":1,"67":1,"68":1,"69":1,"70":1,"71":1,"72":1,"73":1,"74":1,"75":1,"76":0,"77":1,"78":1,"79":0,"80":1,"81":1,"82":1,"83":1,"84":1,"85":0,"86":0,"87":0,"88":0,"89":2,"90":2,"91":2,"92":2,"93":1,"94":1,"95":1,"96":1,"97":1,"98":1,"99":1,"100":1,"101":1,"102":1,"103":0,"104":0,"105":0,"106":0,"107":0,"108":0,"109":0,"110":0,"111":0,"112":1,"113":1,"114":1,"115":1,"116":0,"117":2},"f":{"0":1,"1":1,"2":1,"3":0,"4":1,"5":1,"6":0,"7":2,"8":1},"b":{"0":[1,0],"1":[1,1],"2":[1,0],"3":[0,0],"4":[0,0],"5":[1,0],"6":[1,1],"7":[1,0],"8":[0,0],"9":[0,1],"10":[1,0],"11":[0,1],"12":[0,1],"13":[1,0]},"_coverageSchema":"1a1c01bbd47fc00a2c39e90264f33305004495a9","hash":"660fcf91241ad220c95750549f0126bfc48c3482"}
,"/home/sumit-ub/Desktop/Library_indus.git/models/query/user.js": {"path":"/home/sumit-ub/Desktop/Library_indus.git/models/query/user.js","statementMap":{"0":{"start":{"line":6,"column":15},"end":{"line":6,"column":34}},"1":{"start":{"line":8,"column":13},"end":{"line":8,"column":35}},"2":{"start":{"line":9,"column":12},"end":{"line":9,"column":35}},"3":{"start":{"line":10,"column":15},"end":{"line":10,"column":32}},"4":{"start":{"line":11,"column":13},"end":{"line":11,"column":38}},"5":{"start":{"line":13,"column":15},"end":{"line":13,"column":50}},"6":{"start":{"line":15,"column":0},"end":{"line":15,"column":16}},"7":{"start":{"line":16,"column":13},"end":{"line":16,"column":51}},"8":{"start":{"line":18,"column":24},"end":{"line":18,"column":35}},"9":{"start":{"line":27,"column":19},"end":{"line":27,"column":22}},"10":{"start":{"line":28,"column":2},"end":{"line":28,"column":24}},"11":{"start":{"line":29,"column":2},"end":{"line":59,"column":3}},"12":{"start":{"line":30,"column":21},"end":{"line":32,"column":22}},"13":{"start":{"line":33,"column":4},"end":{"line":36,"column":5}},"14":{"start":{"line":34,"column":6},"end":{"line":34,"column":27}},"15":{"start":{"line":35,"column":6},"end":{"line":35,"column":73}},"16":{"start":{"line":37,"column":20},"end":{"line":46,"column":6}},"17":{"start":{"line":47,"column":4},"end":{"line":55,"column":9}},"18":{"start":{"line":49,"column":8},"end":{"line":49,"column":31}},"19":{"start":{"line":50,"column":8},"end":{"line":50,"column":72}},"20":{"start":{"line":53,"column":8},"end":{"line":53,"column":28}},"21":{"start":{"line":54,"column":8},"end":{"line":54,"column":67}},"22":{"start":{"line":57,"column":4},"end":{"line":57,"column":21}},"23":{"start":{"line":58,"column":4},"end":{"line":58,"column":14}},"24":{"start":{"line":70,"column":2},"end":{"line":93,"column":3}},"25":{"start":{"line":71,"column":35},"end":{"line":71,"column":43}},"26":{"start":{"line":72,"column":21},"end":{"line":72,"column":60}},"27":{"start":{"line":73,"column":4},"end":{"line":90,"column":5}},"28":{"start":{"line":74,"column":6},"end":{"line":74,"column":66}},"29":{"start":{"line":76,"column":22},"end":{"line":76,"column":69}},"30":{"start":{"line":77,"column":6},"end":{"line":89,"column":7}},"31":{"start":{"line":78,"column":24},"end":{"line":84,"column":9}},"32":{"start":{"line":85,"column":22},"end":{"line":85,"column":76}},"33":{"start":{"line":86,"column":8},"end":{"line":86,"column":70}},"34":{"start":{"line":88,"column":8},"end":{"line":88,"column":60}},"35":{"start":{"line":92,"column":4},"end":{"line":92,"column":14}},"36":{"start":{"line":103,"column":2},"end":{"line":118,"column":3}},"37":{"start":{"line":104,"column":19},"end":{"line":104,"column":36}},"38":{"start":{"line":105,"column":19},"end":{"line":105,"column":53}},"39":{"start":{"line":106,"column":4},"end":{"line":115,"column":5}},"40":{"start":{"line":107,"column":6},"end":{"line":107,"column":63}},"41":{"start":{"line":108,"column":11},"end":{"line":115,"column":5}},"42":{"start":{"line":109,"column":6},"end":{"line":109,"column":68}},"43":{"start":{"line":111,"column":6},"end":{"line":111,"column":28}},"44":{"start":{"line":112,"column":6},"end":{"line":114,"column":80}},"45":{"start":{"line":113,"column":22},"end":{"line":113,"column":83}},"46":{"start":{"line":114,"column":23},"end":{"line":114,"column":76}},"47":{"start":{"line":117,"column":4},"end":{"line":117,"column":14}},"48":{"start":{"line":121,"column":0},"end":{"line":121,"column":46}}},"fnMap":{"0":{"name":"signup","decl":{"start":{"line":26,"column":15},"end":{"line":26,"column":21}},"loc":{"start":{"line":26,"column":38},"end":{"line":60,"column":1}},"line":26},"1":{"name":"(anonymous_1)","decl":{"start":{"line":48,"column":12},"end":{"line":48,"column":13}},"loc":{"start":{"line":48,"column":18},"end":{"line":51,"column":7}},"line":48},"2":{"name":"(anonymous_2)","decl":{"start":{"line":52,"column":13},"end":{"line":52,"column":14}},"loc":{"start":{"line":52,"column":19},"end":{"line":55,"column":7}},"line":52},"3":{"name":"login","decl":{"start":{"line":69,"column":15},"end":{"line":69,"column":20}},"loc":{"start":{"line":69,"column":37},"end":{"line":94,"column":1}},"line":69},"4":{"name":"makeAdmin","decl":{"start":{"line":102,"column":15},"end":{"line":102,"column":24}},"loc":{"start":{"line":102,"column":41},"end":{"line":119,"column":1}},"line":102},"5":{"name":"(anonymous_5)","decl":{"start":{"line":113,"column":14},"end":{"line":113,"column":15}},"loc":{"start":{"line":113,"column":20},"end":{"line":113,"column":85}},"line":113},"6":{"name":"(anonymous_6)","decl":{"start":{"line":114,"column":15},"end":{"line":114,"column":16}},"loc":{"start":{"line":114,"column":21},"end":{"line":114,"column":78}},"line":114}},"branchMap":{"0":{"loc":{"start":{"line":33,"column":4},"end":{"line":36,"column":5}},"type":"if","locations":[{"start":{"line":33,"column":4},"end":{"line":36,"column":5}},{"start":{"line":33,"column":4},"end":{"line":36,"column":5}}],"line":33},"1":{"loc":{"start":{"line":73,"column":4},"end":{"line":90,"column":5}},"type":"if","locations":[{"start":{"line":73,"column":4},"end":{"line":90,"column":5}},{"start":{"line":73,"column":4},"end":{"line":90,"column":5}}],"line":73},"2":{"loc":{"start":{"line":77,"column":6},"end":{"line":89,"column":7}},"type":"if","locations":[{"start":{"line":77,"column":6},"end":{"line":89,"column":7}},{"start":{"line":77,"column":6},"end":{"line":89,"column":7}}],"line":77},"3":{"loc":{"start":{"line":106,"column":4},"end":{"line":115,"column":5}},"type":"if","locations":[{"start":{"line":106,"column":4},"end":{"line":115,"column":5}},{"start":{"line":106,"column":4},"end":{"line":115,"column":5}}],"line":106},"4":{"loc":{"start":{"line":108,"column":11},"end":{"line":115,"column":5}},"type":"if","locations":[{"start":{"line":108,"column":11},"end":{"line":115,"column":5}},{"start":{"line":108,"column":11},"end":{"line":115,"column":5}}],"line":108}},"s":{"0":2,"1":2,"2":2,"3":2,"4":2,"5":2,"6":2,"7":2,"8":2,"9":3,"10":3,"11":3,"12":3,"13":3,"14":1,"15":1,"16":2,"17":2,"18":2,"19":2,"20":0,"21":0,"22":1,"23":1,"24":1,"25":1,"26":1,"27":1,"28":0,"29":1,"30":1,"31":1,"32":1,"33":1,"34":0,"35":0,"36":2,"37":2,"38":2,"39":2,"40":0,"41":2,"42":1,"43":1,"44":1,"45":1,"46":0,"47":1,"48":2},"f":{"0":3,"1":2,"2":0,"3":1,"4":2,"5":1,"6":0},"b":{"0":[1,2],"1":[0,1],"2":[1,0],"3":[0,2],"4":[1,1]},"_coverageSchema":"1a1c01bbd47fc00a2c39e90264f33305004495a9","hash":"fa1cfec142987aa45450114ab513369406ef2202"}
,"/home/sumit-ub/Desktop/Library_indus.git/models/schema/book.js": {"path":"/home/sumit-ub/Desktop/Library_indus.git/models/schema/book.js","statementMap":{"0":{"start":{"line":1,"column":17},"end":{"line":1,"column":36}},"1":{"start":{"line":3,"column":19},"end":{"line":12,"column":2}},"2":{"start":{"line":14,"column":0},"end":{"line":14,"column":31}},"3":{"start":{"line":15,"column":0},"end":{"line":15,"column":59}},"4":{"start":{"line":16,"column":0},"end":{"line":16,"column":52}}},"fnMap":{},"branchMap":{},"s":{"0":2,"1":2,"2":2,"3":2,"4":2},"f":{},"b":{},"_coverageSchema":"1a1c01bbd47fc00a2c39e90264f33305004495a9","hash":"59d190f7c8e26203022dfcdadea6f30f487b601c"}
,"/home/sumit-ub/Desktop/Library_indus.git/models/schema/issue.js": {"path":"/home/sumit-ub/Desktop/Library_indus.git/models/schema/issue.js","statementMap":{"0":{"start":{"line":1,"column":17},"end":{"line":1,"column":36}},"1":{"start":{"line":3,"column":20},"end":{"line":20,"column":2}},"2":{"start":{"line":22,"column":0},"end":{"line":22,"column":33}},"3":{"start":{"line":23,"column":0},"end":{"line":23,"column":33}},"4":{"start":{"line":24,"column":0},"end":{"line":24,"column":54}}},"fnMap":{},"branchMap":{},"s":{"0":2,"1":2,"2":2,"3":2,"4":2},"f":{},"b":{},"_coverageSchema":"1a1c01bbd47fc00a2c39e90264f33305004495a9","hash":"8717e3bd7053e1067a251079a83c46814e8f1c5d"}
,"/home/sumit-ub/Desktop/Library_indus.git/models/schema/user.js": {"path":"/home/sumit-ub/Desktop/Library_indus.git/models/schema/user.js","statementMap":{"0":{"start":{"line":1,"column":17},"end":{"line":1,"column":36}},"1":{"start":{"line":3,"column":19},"end":{"line":3,"column":27}},"2":{"start":{"line":5,"column":19},"end":{"line":26,"column":2}},"3":{"start":{"line":28,"column":0},"end":{"line":28,"column":34}},"4":{"start":{"line":30,"column":0},"end":{"line":30,"column":52}}},"fnMap":{},"branchMap":{},"s":{"0":2,"1":2,"2":2,"3":2,"4":2},"f":{},"b":{},"_coverageSchema":"1a1c01bbd47fc00a2c39e90264f33305004495a9","hash":"8ffbe6b981c458e20fd9733367ae5435bc354569"}
,"/home/sumit-ub/Desktop/Library_indus.git/models/validationSchema/bookAddValidator.js": {"path":"/home/sumit-ub/Desktop/Library_indus.git/models/validationSchema/bookAddValidator.js","statementMap":{"0":{"start":{"line":1,"column":12},"end":{"line":1,"column":26}},"1":{"start":{"line":3,"column":19},"end":{"line":12,"column":2}},"2":{"start":{"line":14,"column":0},"end":{"line":14,"column":28}}},"fnMap":{},"branchMap":{},"s":{"0":2,"1":2,"2":2},"f":{},"b":{},"_coverageSchema":"1a1c01bbd47fc00a2c39e90264f33305004495a9","hash":"0aa854c17f826166c969386e67d66191b9579032"}
,"/home/sumit-ub/Desktop/Library_indus.git/models/validationSchema/bookUpdateValidator.js": {"path":"/home/sumit-ub/Desktop/Library_indus.git/models/validationSchema/bookUpdateValidator.js","statementMap":{"0":{"start":{"line":1,"column":12},"end":{"line":1,"column":26}},"1":{"start":{"line":3,"column":19},"end":{"line":9,"column":2}},"2":{"start":{"line":11,"column":0},"end":{"line":11,"column":28}}},"fnMap":{},"branchMap":{},"s":{"0":2,"1":2,"2":2},"f":{},"b":{},"_coverageSchema":"1a1c01bbd47fc00a2c39e90264f33305004495a9","hash":"92eb32347770379394ebed9b90123ab05960c534"}
,"/home/sumit-ub/Desktop/Library_indus.git/models/validationSchema/userLoginValidatior.js": {"path":"/home/sumit-ub/Desktop/Library_indus.git/models/validationSchema/userLoginValidatior.js","statementMap":{"0":{"start":{"line":1,"column":12},"end":{"line":1,"column":26}},"1":{"start":{"line":3,"column":19},"end":{"line":7,"column":2}},"2":{"start":{"line":9,"column":0},"end":{"line":9,"column":28}}},"fnMap":{},"branchMap":{},"s":{"0":2,"1":2,"2":2},"f":{},"b":{},"_coverageSchema":"1a1c01bbd47fc00a2c39e90264f33305004495a9","hash":"d6222cd74a54ea6ab37f598c07367465937af978"}
,"/home/sumit-ub/Desktop/Library_indus.git/models/validationSchema/userSignupValidator.js": {"path":"/home/sumit-ub/Desktop/Library_indus.git/models/validationSchema/userSignupValidator.js","statementMap":{"0":{"start":{"line":1,"column":12},"end":{"line":1,"column":26}},"1":{"start":{"line":3,"column":19},"end":{"line":14,"column":2}},"2":{"start":{"line":16,"column":0},"end":{"line":16,"column":28}}},"fnMap":{},"branchMap":{},"s":{"0":2,"1":2,"2":2},"f":{},"b":{},"_coverageSchema":"1a1c01bbd47fc00a2c39e90264f33305004495a9","hash":"195ff6d89502d50c121480badbea97b79f198011"}
,"/home/sumit-ub/Desktop/Library_indus.git/routes/book.js": {"path":"/home/sumit-ub/Desktop/Library_indus.git/routes/book.js","statementMap":{"0":{"start":{"line":1,"column":16},"end":{"line":1,"column":34}},"1":{"start":{"line":3,"column":15},"end":{"line":3,"column":31}},"2":{"start":{"line":4,"column":18},"end":{"line":4,"column":63}},"3":{"start":{"line":5,"column":19},"end":{"line":5,"column":57}},"4":{"start":{"line":6,"column":13},"end":{"line":6,"column":44}},"5":{"start":{"line":7,"column":14},"end":{"line":7,"column":45}},"6":{"start":{"line":9,"column":0},"end":{"line":9,"column":81}},"7":{"start":{"line":10,"column":0},"end":{"line":10,"column":70}},"8":{"start":{"line":11,"column":0},"end":{"line":11,"column":52}},"9":{"start":{"line":12,"column":0},"end":{"line":12,"column":57}},"10":{"start":{"line":13,"column":0},"end":{"line":13,"column":69}},"11":{"start":{"line":14,"column":0},"end":{"line":14,"column":69}},"12":{"start":{"line":15,"column":0},"end":{"line":15,"column":64}},"13":{"start":{"line":16,"column":0},"end":{"line":16,"column":46}},"14":{"start":{"line":19,"column":0},"end":{"line":19,"column":88}},"15":{"start":{"line":20,"column":0},"end":{"line":20,"column":68}},"16":{"start":{"line":21,"column":0},"end":{"line":21,"column":24}}},"fnMap":{},"branchMap":{},"s":{"0":2,"1":2,"2":2,"3":2,"4":2,"5":2,"6":2,"7":2,"8":2,"9":2,"10":2,"11":2,"12":2,"13":2,"14":2,"15":2,"16":2},"f":{},"b":{},"_coverageSchema":"1a1c01bbd47fc00a2c39e90264f33305004495a9","hash":"c44ab4f11bff247c02b126d946d1f168c4addaa8"}
,"/home/sumit-ub/Desktop/Library_indus.git/routes/user.js": {"path":"/home/sumit-ub/Desktop/Library_indus.git/routes/user.js","statementMap":{"0":{"start":{"line":1,"column":16},"end":{"line":1,"column":34}},"1":{"start":{"line":3,"column":15},"end":{"line":3,"column":31}},"2":{"start":{"line":4,"column":18},"end":{"line":4,"column":64}},"3":{"start":{"line":5,"column":14},"end":{"line":5,"column":45}},"4":{"start":{"line":6,"column":14},"end":{"line":6,"column":45}},"5":{"start":{"line":7,"column":19},"end":{"line":7,"column":57}},"6":{"start":{"line":9,"column":0},"end":{"line":9,"column":59}},"7":{"start":{"line":11,"column":0},"end":{"line":11,"column":53}},"8":{"start":{"line":14,"column":0},"end":{"line":14,"column":77}},"9":{"start":{"line":16,"column":0},"end":{"line":16,"column":74}},"10":{"start":{"line":18,"column":0},"end":{"line":18,"column":79}},"11":{"start":{"line":20,"column":0},"end":{"line":20,"column":24}}},"fnMap":{},"branchMap":{},"s":{"0":2,"1":2,"2":2,"3":2,"4":2,"5":2,"6":2,"7":2,"8":2,"9":2,"10":2,"11":2},"f":{},"b":{},"_coverageSchema":"1a1c01bbd47fc00a2c39e90264f33305004495a9","hash":"78914621feabe83c734447644c254a5a66422a2e"}
,"/home/sumit-ub/Desktop/Library_indus.git/utils/errorHandler.js": {"path":"/home/sumit-ub/Desktop/Library_indus.git/utils/errorHandler.js","statementMap":{"0":{"start":{"line":4,"column":4},"end":{"line":4,"column":19}},"1":{"start":{"line":5,"column":4},"end":{"line":5,"column":27}},"2":{"start":{"line":6,"column":4},"end":{"line":6,"column":26}},"3":{"start":{"line":12,"column":4},"end":{"line":12,"column":19}},"4":{"start":{"line":13,"column":4},"end":{"line":13,"column":19}},"5":{"start":{"line":14,"column":4},"end":{"line":14,"column":27}},"6":{"start":{"line":15,"column":4},"end":{"line":15,"column":26}},"7":{"start":{"line":21,"column":4},"end":{"line":21,"column":19}},"8":{"start":{"line":22,"column":4},"end":{"line":22,"column":27}},"9":{"start":{"line":23,"column":4},"end":{"line":23,"column":26}},"10":{"start":{"line":29,"column":4},"end":{"line":29,"column":19}},"11":{"start":{"line":30,"column":4},"end":{"line":30,"column":27}},"12":{"start":{"line":31,"column":4},"end":{"line":31,"column":26}},"13":{"start":{"line":37,"column":4},"end":{"line":37,"column":19}},"14":{"start":{"line":38,"column":4},"end":{"line":38,"column":27}},"15":{"start":{"line":39,"column":4},"end":{"line":39,"column":26}},"16":{"start":{"line":43,"column":0},"end":{"line":45,"column":2}}},"fnMap":{"0":{"name":"(anonymous_0)","decl":{"start":{"line":3,"column":2},"end":{"line":3,"column":3}},"loc":{"start":{"line":3,"column":23},"end":{"line":7,"column":3}},"line":3},"1":{"name":"(anonymous_1)","decl":{"start":{"line":11,"column":2},"end":{"line":11,"column":3}},"loc":{"start":{"line":11,"column":23},"end":{"line":16,"column":3}},"line":11},"2":{"name":"(anonymous_2)","decl":{"start":{"line":20,"column":2},"end":{"line":20,"column":3}},"loc":{"start":{"line":20,"column":23},"end":{"line":24,"column":3}},"line":20},"3":{"name":"(anonymous_3)","decl":{"start":{"line":28,"column":2},"end":{"line":28,"column":3}},"loc":{"start":{"line":28,"column":23},"end":{"line":32,"column":3}},"line":28},"4":{"name":"(anonymous_4)","decl":{"start":{"line":36,"column":2},"end":{"line":36,"column":3}},"loc":{"start":{"line":36,"column":23},"end":{"line":40,"column":3}},"line":36}},"branchMap":{},"s":{"0":2,"1":2,"2":2,"3":2,"4":2,"5":2,"6":2,"7":0,"8":0,"9":0,"10":3,"11":3,"12":3,"13":0,"14":0,"15":0,"16":2},"f":{"0":2,"1":2,"2":0,"3":3,"4":0},"b":{},"_coverageSchema":"1a1c01bbd47fc00a2c39e90264f33305004495a9","hash":"84d2815678cd0571957183e915f843f7d91d426c"}
,"/home/sumit-ub/Desktop/Library_indus.git/utils/responseHandler.js": {"path":"/home/sumit-ub/Desktop/Library_indus.git/utils/responseHandler.js","statementMap":{"0":{"start":{"line":3,"column":4},"end":{"line":3,"column":27}},"1":{"start":{"line":4,"column":4},"end":{"line":4,"column":21}},"2":{"start":{"line":5,"column":4},"end":{"line":5,"column":22}},"3":{"start":{"line":9,"column":0},"end":{"line":9,"column":26}}},"fnMap":{"0":{"name":"(anonymous_0)","decl":{"start":{"line":2,"column":2},"end":{"line":2,"column":3}},"loc":{"start":{"line":2,"column":29},"end":{"line":6,"column":3}},"line":2}},"branchMap":{},"s":{"0":16,"1":16,"2":16,"3":2},"f":{"0":16},"b":{},"_coverageSchema":"1a1c01bbd47fc00a2c39e90264f33305004495a9","hash":"fdbad3e1ec9e8e5a222a644454d583ebcce67232"}
,"/home/sumit-ub/Desktop/Library_indus.git/utils/responseHandler_err.js": {"path":"/home/sumit-ub/Desktop/Library_indus.git/utils/responseHandler_err.js","statementMap":{"0":{"start":{"line":1,"column":20},"end":{"line":8,"column":1}},"1":{"start":{"line":2,"column":21},"end":{"line":2,"column":42}},"2":{"start":{"line":3,"column":2},"end":{"line":7,"column":5}},"3":{"start":{"line":10,"column":0},"end":{"line":10,"column":29}}},"fnMap":{"0":{"name":"(anonymous_0)","decl":{"start":{"line":1,"column":20},"end":{"line":1,"column":21}},"loc":{"start":{"line":1,"column":39},"end":{"line":8,"column":1}},"line":1}},"branchMap":{"0":{"loc":{"start":{"line":2,"column":21},"end":{"line":2,"column":42}},"type":"binary-expr","locations":[{"start":{"line":2,"column":21},"end":{"line":2,"column":35}},{"start":{"line":2,"column":39},"end":{"line":2,"column":42}}],"line":2}},"s":{"0":2,"1":0,"2":0,"3":2},"f":{"0":0},"b":{"0":[0,0]},"_coverageSchema":"1a1c01bbd47fc00a2c39e90264f33305004495a9","hash":"5583f47c9fa1d15919634d6215fa55d47896c781"}
}
