TN:
SF:index.js
FNF:0
FNH:0
DA:2,2
DA:4,2
DA:5,2
DA:7,2
DA:8,2
DA:9,2
DA:10,2
DA:12,2
DA:13,2
DA:15,2
DA:16,2
DA:17,2
DA:18,2
LF:13
LH:13
BRF:0
BRH:0
end_of_record
TN:
SF:controllers/books.js
FN:10,addBook
FN:20,byGenre
FN:30,countAll
FN:40,findByAuthor
FN:50,findByPattern
FN:93,update
FN:104,discard
FNF:7
FNH:7
FNDA:2,addBook
FNDA:1,byGenre
FNDA:1,countAll
FNDA:2,findByAuthor
FNDA:2,findByPattern
FNDA:1,update
FNDA:2,discard
DA:2,2
DA:11,2
DA:21,1
DA:31,1
DA:41,2
DA:51,2
DA:94,1
DA:105,2
DA:108,2
LF:9
LH:9
BRF:0
BRH:0
end_of_record
TN:
SF:controllers/issue.js
FN:9,last100DayAmount
FN:19,getRentedBooks
FN:29,issueBook
FN:39,daysToRent
FN:49,countRented
FNF:5
FNH:5
FNDA:1,last100DayAmount
FNDA:1,getRentedBooks
FNDA:1,issueBook
FNDA:2,daysToRent
FNDA:1,countRented
DA:1,2
DA:10,1
DA:20,1
DA:30,1
DA:40,2
DA:50,1
DA:53,2
LF:7
LH:7
BRF:0
BRH:0
end_of_record
TN:
SF:controllers/users.js
FN:10,register
FN:20,login
FN:30,makeAdmin
FNF:3
FNH:3
FNDA:3,register
FNDA:1,login
FNDA:2,makeAdmin
DA:2,2
DA:11,3
DA:21,1
DA:31,2
DA:34,2
LF:5
LH:5
BRF:0
BRH:0
end_of_record
TN:
SF:helperFunctions/validators/book.js
FN:10,addBook
FN:30,updateBook
FNF:2
FNH:2
FNDA:2,addBook
FNDA:1,updateBook
DA:1,2
DA:2,2
DA:11,2
DA:12,2
DA:13,2
DA:14,2
DA:15,2
DA:16,0
DA:17,0
DA:19,2
DA:20,2
DA:31,1
DA:33,1
DA:35,1
DA:36,1
DA:37,0
DA:38,0
DA:40,1
DA:41,1
DA:45,2
LF:20
LH:16
BRDA:15,0,0,0
BRDA:15,0,1,2
BRDA:36,1,0,0
BRDA:36,1,1,1
BRF:4
BRH:2
end_of_record
TN:
SF:helperFunctions/validators/users.js
FN:10,signup
FN:29,signin
FNF:2
FNH:2
FNDA:3,signup
FNDA:1,signin
DA:1,2
DA:2,2
DA:11,3
DA:12,3
DA:13,3
DA:14,3
DA:15,0
DA:16,0
DA:18,3
DA:19,3
DA:30,1
DA:31,1
DA:32,1
DA:33,1
DA:34,0
DA:35,0
DA:37,1
DA:38,1
DA:42,2
LF:19
LH:15
BRDA:14,0,0,0
BRDA:14,0,1,3
BRDA:33,1,0,0
BRDA:33,1,1,1
BRF:4
BRH:2
end_of_record
TN:
SF:middleware/authorization.js
FN:19,isLoggedIn
FN:25,(anonymous_1)
FN:47,isLoggedInAdmin
FN:53,(anonymous_3)
FNF:4
FNH:4
FNDA:9,isLoggedIn
FNDA:9,(anonymous_1)
FNDA:8,isLoggedInAdmin
FNDA:8,(anonymous_3)
DA:3,2
DA:5,2
DA:7,2
DA:9,2
DA:11,2
DA:21,9
DA:22,9
DA:23,9
DA:24,9
DA:25,9
DA:26,9
DA:27,9
DA:28,9
DA:30,0
DA:34,0
DA:37,0
DA:49,8
DA:50,8
DA:51,8
DA:52,8
DA:53,8
DA:54,8
DA:55,8
DA:56,8
DA:57,8
DA:58,8
DA:60,0
DA:63,0
DA:67,0
DA:70,0
DA:74,2
LF:31
LH:24
BRDA:22,0,0,0
BRDA:22,0,1,9
BRDA:23,1,0,9
BRDA:23,1,1,9
BRDA:24,2,0,9
BRDA:24,2,1,0
BRDA:26,3,0,9
BRDA:26,3,1,0
BRDA:50,4,0,0
BRDA:50,4,1,8
BRDA:51,5,0,8
BRDA:51,5,1,8
BRDA:52,6,0,8
BRDA:52,6,1,0
BRDA:54,7,0,8
BRDA:54,7,1,0
BRDA:57,8,0,8
BRDA:57,8,1,0
BRF:18
BRH:11
end_of_record
TN:
SF:models/query/book.js
FN:23,bookAdd
FN:42,(anonymous_1)
FN:43,(anonymous_2)
FN:57,findByGenre
FN:77,countAll
FN:117,findByAuthor
FN:122,(anonymous_6)
FN:144,findByPattern
FN:198,update
FN:231,discard
FNF:10
FNH:9
FNDA:2,bookAdd
FNDA:1,(anonymous_1)
FNDA:0,(anonymous_2)
FNDA:1,findByGenre
FNDA:1,countAll
FNDA:2,findByAuthor
FNDA:2,(anonymous_6)
FNDA:2,findByPattern
FNDA:1,update
FNDA:2,discard
DA:3,2
DA:5,2
DA:7,2
DA:9,2
DA:10,2
DA:12,2
DA:13,2
DA:24,2
DA:25,2
DA:26,2
DA:27,2
DA:28,2
DA:29,1
DA:31,1
DA:39,1
DA:40,1
DA:41,1
DA:42,1
DA:43,0
DA:46,1
DA:58,1
DA:59,1
DA:60,1
DA:61,1
DA:62,0
DA:64,1
DA:67,0
DA:78,1
DA:79,1
DA:80,1
DA:81,1
DA:83,0
DA:118,2
DA:119,2
DA:120,2
DA:122,2
DA:123,2
DA:124,2
DA:125,1
DA:127,1
DA:130,1
DA:133,0
DA:145,2
DA:146,2
DA:147,2
DA:148,2
DA:149,1
DA:150,1
DA:152,1
DA:153,1
DA:156,1
DA:199,1
DA:200,1
DA:201,1
DA:202,1
DA:204,0
DA:232,2
DA:233,2
DA:234,2
DA:235,2
DA:236,0
DA:237,2
DA:238,1
DA:240,1
DA:241,1
DA:242,1
DA:243,1
DA:246,1
DA:250,2
LF:69
LH:62
BRDA:28,0,0,1
BRDA:28,0,1,1
BRDA:61,1,0,0
BRDA:61,1,1,1
BRDA:124,2,0,1
BRDA:124,2,1,1
BRDA:148,3,0,1
BRDA:148,3,1,1
BRDA:235,4,0,0
BRDA:235,4,1,2
BRDA:237,5,0,1
BRDA:237,5,1,1
BRF:12
BRH:10
end_of_record
TN:
SF:models/query/issue.js
FN:23,last100dayamount
FN:76,getRented
FN:84,(anonymous_2)
FN:102,(anonymous_3)
FN:129,issueBook
FN:167,(anonymous_5)
FN:171,(anonymous_6)
FN:193,daysToRent
FN:236,countRented
FNF:9
FNH:7
FNDA:1,last100dayamount
FNDA:1,getRented
FNDA:1,(anonymous_2)
FNDA:0,(anonymous_3)
FNDA:1,issueBook
FNDA:1,(anonymous_5)
FNDA:0,(anonymous_6)
FNDA:2,daysToRent
FNDA:1,countRented
DA:6,2
DA:7,2
DA:8,2
DA:10,2
DA:12,2
DA:13,2
DA:15,2
DA:24,1
DA:26,1
DA:27,1
DA:28,1
DA:29,1
DA:30,1
DA:31,1
DA:40,1
DA:41,1
DA:43,0
DA:44,0
DA:46,0
DA:47,0
DA:56,0
DA:57,0
DA:59,0
DA:60,0
DA:63,0
DA:66,0
DA:77,1
DA:78,1
DA:80,1
DA:81,1
DA:82,1
DA:85,1
DA:86,1
DA:87,0
DA:88,0
DA:89,0
DA:90,0
DA:92,0
DA:93,0
DA:96,0
DA:100,0
DA:103,0
DA:104,0
DA:105,0
DA:106,0
DA:107,0
DA:108,0
DA:110,0
DA:111,0
DA:114,0
DA:119,0
DA:130,1
DA:132,1
DA:133,1
DA:134,1
DA:135,1
DA:136,0
DA:138,1
DA:140,1
DA:141,1
DA:143,1
DA:144,1
DA:145,1
DA:146,1
DA:149,1
DA:150,1
DA:151,1
DA:152,0
DA:154,1
DA:155,1
DA:156,0
DA:158,1
DA:159,1
DA:166,1
DA:168,1
DA:169,1
DA:172,0
DA:173,0
DA:178,0
DA:182,0
DA:194,2
DA:195,2
DA:197,2
DA:198,2
DA:200,1
DA:202,1
DA:203,1
DA:204,1
DA:205,1
DA:206,1
DA:208,1
DA:209,1
DA:210,1
DA:211,1
DA:213,0
DA:215,0
DA:216,0
DA:217,0
DA:218,0
DA:219,0
DA:220,0
DA:223,0
DA:226,1
DA:237,1
DA:238,1
DA:239,1
DA:241,0
DA:244,2
LF:108
LH:64
BRDA:30,0,0,1
BRDA:30,0,1,0
BRDA:34,1,0,1
BRDA:34,1,1,1
BRDA:40,2,0,1
BRDA:40,2,1,0
BRDA:46,3,0,0
BRDA:46,3,1,0
BRDA:56,4,0,0
BRDA:56,4,1,0
BRDA:81,5,0,1
BRDA:81,5,1,0
BRDA:82,6,0,1
BRDA:82,6,1,1
BRDA:86,7,0,1
BRDA:86,7,1,0
BRDA:104,8,0,0
BRDA:104,8,1,0
BRDA:135,9,0,0
BRDA:135,9,1,1
BRDA:144,10,0,1
BRDA:144,10,1,0
BRDA:151,11,0,0
BRDA:151,11,1,1
BRDA:155,12,0,0
BRDA:155,12,1,1
BRDA:209,13,0,1
BRDA:209,13,1,0
BRF:28
BRH:13
end_of_record
TN:
SF:models/query/user.js
FN:26,signup
FN:48,(anonymous_1)
FN:52,(anonymous_2)
FN:69,login
FN:102,makeAdmin
FN:113,(anonymous_5)
FN:114,(anonymous_6)
FNF:7
FNH:5
FNDA:3,signup
FNDA:2,(anonymous_1)
FNDA:0,(anonymous_2)
FNDA:1,login
FNDA:2,makeAdmin
FNDA:1,(anonymous_5)
FNDA:0,(anonymous_6)
DA:6,2
DA:8,2
DA:9,2
DA:10,2
DA:11,2
DA:13,2
DA:15,2
DA:16,2
DA:18,2
DA:27,3
DA:28,3
DA:29,3
DA:30,3
DA:33,3
DA:34,1
DA:35,1
DA:37,2
DA:47,2
DA:49,2
DA:50,2
DA:53,0
DA:54,0
DA:57,1
DA:58,1
DA:70,1
DA:71,1
DA:72,1
DA:73,1
DA:74,0
DA:76,1
DA:77,1
DA:78,1
DA:85,1
DA:86,1
DA:88,0
DA:92,0
DA:103,2
DA:104,2
DA:105,2
DA:106,2
DA:107,0
DA:108,2
DA:109,1
DA:111,1
DA:112,1
DA:113,1
DA:114,0
DA:117,1
DA:121,2
LF:49
LH:42
BRDA:33,0,0,1
BRDA:33,0,1,2
BRDA:73,1,0,0
BRDA:73,1,1,1
BRDA:77,2,0,1
BRDA:77,2,1,0
BRDA:106,3,0,0
BRDA:106,3,1,2
BRDA:108,4,0,1
BRDA:108,4,1,1
BRF:10
BRH:7
end_of_record
TN:
SF:models/schema/book.js
FNF:0
FNH:0
DA:1,2
DA:3,2
DA:14,2
DA:15,2
DA:16,2
LF:5
LH:5
BRF:0
BRH:0
end_of_record
TN:
SF:models/schema/issue.js
FNF:0
FNH:0
DA:1,2
DA:3,2
DA:22,2
DA:23,2
DA:24,2
LF:5
LH:5
BRF:0
BRH:0
end_of_record
TN:
SF:models/schema/user.js
FNF:0
FNH:0
DA:1,2
DA:3,2
DA:5,2
DA:28,2
DA:30,2
LF:5
LH:5
BRF:0
BRH:0
end_of_record
TN:
SF:models/validationSchema/bookAddValidator.js
FNF:0
FNH:0
DA:1,2
DA:3,2
DA:14,2
LF:3
LH:3
BRF:0
BRH:0
end_of_record
TN:
SF:models/validationSchema/bookUpdateValidator.js
FNF:0
FNH:0
DA:1,2
DA:3,2
DA:11,2
LF:3
LH:3
BRF:0
BRH:0
end_of_record
TN:
SF:models/validationSchema/userLoginValidatior.js
FNF:0
FNH:0
DA:1,2
DA:3,2
DA:9,2
LF:3
LH:3
BRF:0
BRH:0
end_of_record
TN:
SF:models/validationSchema/userSignupValidator.js
FNF:0
FNH:0
DA:1,2
DA:3,2
DA:16,2
LF:3
LH:3
BRF:0
BRH:0
end_of_record
TN:
SF:routes/book.js
FNF:0
FNH:0
DA:1,2
DA:3,2
DA:4,2
DA:5,2
DA:6,2
DA:7,2
DA:9,2
DA:10,2
DA:11,2
DA:12,2
DA:13,2
DA:14,2
DA:15,2
DA:16,2
DA:19,2
DA:20,2
DA:21,2
LF:17
LH:17
BRF:0
BRH:0
end_of_record
TN:
SF:routes/user.js
FNF:0
FNH:0
DA:1,2
DA:3,2
DA:4,2
DA:5,2
DA:6,2
DA:7,2
DA:9,2
DA:11,2
DA:14,2
DA:16,2
DA:18,2
DA:20,2
LF:12
LH:12
BRF:0
BRH:0
end_of_record
TN:
SF:utils/errorHandler.js
FN:3,(anonymous_0)
FN:11,(anonymous_1)
FN:20,(anonymous_2)
FN:28,(anonymous_3)
FN:36,(anonymous_4)
FNF:5
FNH:3
FNDA:2,(anonymous_0)
FNDA:2,(anonymous_1)
FNDA:0,(anonymous_2)
FNDA:3,(anonymous_3)
FNDA:0,(anonymous_4)
DA:4,2
DA:5,2
DA:6,2
DA:12,2
DA:13,2
DA:14,2
DA:15,2
DA:21,0
DA:22,0
DA:23,0
DA:29,3
DA:30,3
DA:31,3
DA:37,0
DA:38,0
DA:39,0
DA:43,2
LF:17
LH:11
BRF:0
BRH:0
end_of_record
TN:
SF:utils/responseHandler.js
FN:2,(anonymous_0)
FNF:1
FNH:1
FNDA:16,(anonymous_0)
DA:3,16
DA:4,16
DA:5,16
DA:9,2
LF:4
LH:4
BRF:0
BRH:0
end_of_record
TN:
SF:utils/responseHandler_err.js
FN:1,(anonymous_0)
FNF:1
FNH:0
FNDA:0,(anonymous_0)
DA:1,2
DA:2,0
DA:3,0
DA:10,2
LF:4
LH:2
BRDA:2,0,0,0
BRDA:2,0,1,0
BRF:2
BRH:0
end_of_record
